e:\baidusyncdisk\code\qt\qmldemo\serialportwave\slbase\debug\sltime.obj
e:\baidusyncdisk\code\qt\qmldemo\serialportwave\slbase\debug\sllog.obj
e:\baidusyncdisk\code\qt\qmldemo\serialportwave\slbase\debug\slfile.obj
e:\baidusyncdisk\code\qt\qmldemo\serialportwave\slbase\debug\slbase.obj
e:\baidusyncdisk\code\qt\qmldemo\serialportwave\slbase\debug\slstr.obj
e:\baidusyncdisk\code\qt\qmldemo\serialportwave\slbase\debug\slapp.obj
e:\baidusyncdisk\code\qt\qmldemo\serialportwave\slbase\debug\slini.obj
e:\baidusyncdisk\code\qt\qmldemo\serialportwave\slbase\debug\vc142.pdb
e:\baidusyncdisk\code\qt\qmldemo\serialportwave\slbase\debug\moc_predefs.h
e:\baidusyncdisk\code\qt\qmldemo\serialportwave\slbase\debug\slbase.ilk
e:\baidusyncdisk\code\qt\qmldemo\serialportwave\slbase\debug\slbase.dll
e:\baidusyncdisk\code\qt\qmldemo\serialportwave\slbase\debug\slbase.pdb
e:\baidusyncdisk\code\qt\qmldemo\serialportwave\slbase\debug\slbase.lib
e:\baidusyncdisk\code\qt\qmldemo\serialportwave\slbase\debug\slbase.exp
e:\baidusyncdisk\code\qt\qmldemo\serialportwave\slbase\debug\slbase.tlog\cl.10504.write.1.tlog
e:\baidusyncdisk\code\qt\qmldemo\serialportwave\slbase\debug\slbase.tlog\cl.command.1.tlog
e:\baidusyncdisk\code\qt\qmldemo\serialportwave\slbase\debug\slbase.tlog\cl.read.1.tlog
e:\baidusyncdisk\code\qt\qmldemo\serialportwave\slbase\debug\slbase.tlog\custombuild.command.1.tlog
e:\baidusyncdisk\code\qt\qmldemo\serialportwave\slbase\debug\slbase.tlog\custombuild.read.1.tlog
e:\baidusyncdisk\code\qt\qmldemo\serialportwave\slbase\debug\slbase.tlog\custombuild.write.1.tlog
e:\baidusyncdisk\code\qt\qmldemo\serialportwave\slbase\debug\slbase.tlog\link.command.1.tlog
e:\baidusyncdisk\code\qt\qmldemo\serialportwave\slbase\debug\slbase.tlog\link.read.1.tlog
e:\baidusyncdisk\code\qt\qmldemo\serialportwave\slbase\debug\slbase.tlog\link.write.1.tlog
e:\baidusyncdisk\code\qt\qmldemo\serialportwave\slbase\debug\slbase.tlog\slbase.write.1u.tlog
