e:\baidusyncdisk\code\qt\qmldemo\serialportwave\serialportdemo\debug\moc_appinfo.cpp
e:\baidusyncdisk\code\qt\qmldemo\serialportwave\serialportdemo\debug\moc_enumparameter.cpp
e:\baidusyncdisk\code\qt\qmldemo\serialportwave\serialportdemo\debug\moc_myserialport.cpp
e:\baidusyncdisk\code\qt\qmldemo\serialportwave\serialportdemo\debug\moc_switchpage.cpp
e:\baidusyncdisk\code\qt\qmldemo\serialportwave\serialportdemo\debug\moc_qcustomplot.cpp
e:\baidusyncdisk\code\qt\qmldemo\serialportwave\serialportdemo\debug\moc_qmlplot.cpp
e:\baidusyncdisk\code\qt\qmldemo\serialportwave\serialportdemo\debug\moc_slqmlcustomplot.cpp
e:\baidusyncdisk\code\qt\qmldemo\serialportwave\serialportdemo\debug\qrc_image.cpp
e:\baidusyncdisk\code\qt\qmldemo\serialportwave\serialportdemo\debug\qrc_js.cpp
e:\baidusyncdisk\code\qt\qmldemo\serialportwave\serialportdemo\debug\qrc_qml.cpp
e:\baidusyncdisk\code\qt\qmldemo\serialportwave\serialportdemo\debug\appinfo.obj
e:\baidusyncdisk\code\qt\qmldemo\serialportwave\serialportdemo\debug\globals.obj
e:\baidusyncdisk\code\qt\qmldemo\serialportwave\serialportdemo\debug\main.obj
e:\baidusyncdisk\code\qt\qmldemo\serialportwave\serialportdemo\debug\moc_appinfo.obj
e:\baidusyncdisk\code\qt\qmldemo\serialportwave\serialportdemo\debug\moc_enumparameter.obj
e:\baidusyncdisk\code\qt\qmldemo\serialportwave\serialportdemo\debug\moc_myserialport.obj
e:\baidusyncdisk\code\qt\qmldemo\serialportwave\serialportdemo\debug\moc_qcustomplot.obj
e:\baidusyncdisk\code\qt\qmldemo\serialportwave\serialportdemo\debug\moc_qmlplot.obj
e:\baidusyncdisk\code\qt\qmldemo\serialportwave\serialportdemo\debug\moc_slqmlcustomplot.obj
e:\baidusyncdisk\code\qt\qmldemo\serialportwave\serialportdemo\debug\moc_switchpage.obj
e:\baidusyncdisk\code\qt\qmldemo\serialportwave\serialportdemo\debug\myserialport.obj
e:\baidusyncdisk\code\qt\qmldemo\serialportwave\serialportdemo\debug\qcustomplot.obj
e:\baidusyncdisk\code\qt\qmldemo\serialportwave\serialportdemo\debug\qmlplot.obj
e:\baidusyncdisk\code\qt\qmldemo\serialportwave\serialportdemo\debug\qrc_image.obj
e:\baidusyncdisk\code\qt\qmldemo\serialportwave\serialportdemo\debug\qrc_js.obj
e:\baidusyncdisk\code\qt\qmldemo\serialportwave\serialportdemo\debug\qrc_qml.obj
e:\baidusyncdisk\code\qt\qmldemo\serialportwave\serialportdemo\debug\slqmlcustomplot.obj
e:\baidusyncdisk\code\qt\qmldemo\serialportwave\serialportdemo\debug\serialportdemo.ilk
e:\baidusyncdisk\code\qt\qmldemo\serialportwave\serialportdemo\debug\serialportdemo_resource.res
e:\baidusyncdisk\code\qt\qmldemo\serialportwave\serialportdemo\debug\serialportdemo.pdb
e:\baidusyncdisk\code\qt\qmldemo\serialportwave\serialportdemo\debug\serialportdemo.vc.pdb
e:\baidusyncdisk\code\qt\qmldemo\serialportwave\serialportdemo\debug\serialportdemo.exe
e:\baidusyncdisk\code\qt\qmldemo\serialportwave\serialportdemo\debug\serialportdemo.tlog\moc.read.1u.tlog
e:\baidusyncdisk\code\qt\qmldemo\serialportwave\serialportdemo\debug\serialportdemo.tlog\moc.write.1u.tlog
e:\baidusyncdisk\code\qt\qmldemo\serialportwave\serialportdemo\debug\serialportdemo.tlog\rcc.read.1u.tlog
e:\baidusyncdisk\code\qt\qmldemo\serialportwave\serialportdemo\debug\serialportdemo.tlog\rcc.write.1u.tlog
e:\baidusyncdisk\code\qt\qmldemo\serialportwave\serialportdemo\debug\serialportdemo.tlog\serialportdemo.write.1u.tlog
