15:12:27.878 (0x6a68) [info ]
15:12:27.880 (0x6a68) [info ] ----- App init ------
15:12:27.880 (0x6a68) [info ] SerialPortDemo V1.0.0.0, compiled at Wed Apr 12 09:22:44 2023
15:12:27.880 (0x6a68) [info ] Exe file: E:/BaiduSyncdisk/code/QT/QMLdemo/SerialPortWave/SerialPortWave-Debug/SerialPortDemo/debug/SerialPortDemo.exe
15:12:27.881 (0x6a68) [info ] App path: E:/BaiduSyncdisk/code/QT/QMLdemo/SerialPortWave/SerialPortWave-Debug/SerialPortDemo
15:12:27.881 (0x6a68) [info ] Check chinese support: 012汉字abc
15:12:27.881 (0x6a68) [info ] ----- msAppInit: 21814748.316100, 00:36:20.19634748
15:12:27.882 (0x6a68) [info ] [trace] --- FuncEntry
15:12:27.882 (0x6a68) [info ] [trace]012汉字abc 
15:12:27.882 (0x6a68) [info ] qInfo
15:12:27.883 (0x6a68) [info ] qDebug
15:12:27.883 (0x6a68) [info ] qWanging
15:12:27.883 (0x6a68) [info ] QCritical
15:12:27.884 (0x6a68) [info ] call getMs() 1000 times, 0.032500 ms
15:12:27.888 (0x6a68) [info ] 1-1
15:12:27.888 (0x6a68) [info ] 1-2
15:12:27.888 (0x6a68) [info ] 2-1,汉字
15:12:27.889 (0x6a68) [info ] 2-2,汉字
15:12:27.889 (0x6a68) [info ] 1
15:12:27.890 (0x6a68) [info ] 12345678901234
15:12:27.890 (0x6a68) [info ] 12345679020032.0000000000000000
15:12:27.890 (0x6a68) [info ] 12345678901234567168.00000000000000000000000000000000
15:12:27.894 (0x6a68) [debug] SlBase::add( 3 + 4 ) = 7
15:12:27.895 (0x6a68) [debug] SlBase::getTime() = 2023-04-21 15:12:27.895
15:12:27.895 (0x6a68) [info ] [trace] --- FuncExit, 13.1887 ms
15:12:28.761 (0x6a68) [warn ] QObject::connect: No such slot DDuiBasePlotItem::mousePressEvent(QMouseEvent*) in ..\..\SerialPortDemo\cpp\common\qmlplot.cpp:30
15:12:28.763 (0x6a68) [warn ] Both point size and pixel size set. Using pixel size.
15:12:28.764 (0x6a68) [warn ] Both point size and pixel size set. Using pixel size.
15:12:28.765 (0x6a68) [warn ] Both point size and pixel size set. Using pixel size.
15:12:28.765 (0x6a68) [warn ] Both point size and pixel size set. Using pixel size.
15:12:29.165 (0x6a68) [warn ] qrc:/qml/BottomMain.qml:12:5: QML Rectangle: Detected anchors on an item that is managed by a layout. This is undefined behavior; use Layout.alignment instead.
15:12:29.293 (0x6a68) [warn ] file:///D:/Qt/Qt5.14.2/5.14.2/msvc2017_64/qml/QtQuick/Dialogs/DefaultFileDialog.qml:102:33: QML Settings: Failed to initialize QSettings instance. Status code is: 1
15:12:29.293 (0x6a68) [warn ] file:///D:/Qt/Qt5.14.2/5.14.2/msvc2017_64/qml/QtQuick/Dialogs/DefaultFileDialog.qml:102:33: QML Settings: The following application identifiers have not been set: QVector("organizationName", "organizationDomain")
15:12:29.472 (0x6a68) [debug] Name :  "COM5"
15:12:29.475 (0x6a68) [debug] Name :  "COM4"
15:12:29.476 (0x6a68) [debug] Name :  "COM1"
15:12:29.477 (0x6a68) [debug] Name :  "COM2"
15:12:29.477 (0x6a68) [debug] Name :  "COM3"
15:12:29.478 (0x6a68) [debug] Name :  "COM6"
15:12:29.479 (0x6a68) [debug] class QCPGraph *__cdecl QCustomPlot::graph(int) const index out of bounds: 1
15:13:08.289 (0x60fc) [info ]
15:13:08.291 (0x60fc) [info ] ----- App init ------
15:13:08.291 (0x60fc) [info ] SerialPortDemo V1.0.0.0, compiled at Wed Apr 12 09:22:44 2023
15:13:08.291 (0x60fc) [info ] Exe file: E:/BaiduSyncdisk/code/QT/QMLdemo/SerialPortWave/SerialPortWave-Debug/SerialPortDemo/debug/SerialPortDemo.exe
15:13:08.292 (0x60fc) [info ] App path: E:/BaiduSyncdisk/code/QT/QMLdemo/SerialPortWave/SerialPortWave-Debug/SerialPortDemo
15:13:08.292 (0x60fc) [info ] Check chinese support: 012汉字abc
15:13:08.292 (0x60fc) [info ] ----- msAppInit: 21855160.538000, 00:36:24.19671160
15:13:08.293 (0x60fc) [info ] [trace] --- FuncEntry
15:13:08.293 (0x60fc) [info ] [trace]012汉字abc 
15:13:08.293 (0x60fc) [info ] qInfo
15:13:08.294 (0x60fc) [info ] qDebug
15:13:08.294 (0x60fc) [info ] qWanging
15:13:08.294 (0x60fc) [info ] QCritical
15:13:08.294 (0x60fc) [info ] call getMs() 1000 times, 0.032900 ms
15:13:08.310 (0x60fc) [info ] 1-1
15:13:08.310 (0x60fc) [info ] 1-2
15:13:08.311 (0x60fc) [info ] 2-1,汉字
15:13:08.311 (0x60fc) [info ] 2-2,汉字
15:13:08.311 (0x60fc) [info ] 1
15:13:08.312 (0x60fc) [info ] 12345678901234
15:13:08.312 (0x60fc) [info ] 12345679020032.0000000000000000
15:13:08.312 (0x60fc) [info ] 12345678901234567168.00000000000000000000000000000000
15:13:08.316 (0x60fc) [debug] SlBase::add( 3 + 4 ) = 7
15:13:08.317 (0x60fc) [debug] SlBase::getTime() = 2023-04-21 15:13:08.317
15:13:08.317 (0x60fc) [info ] [trace] --- FuncExit, 23.7027 ms
15:13:10.033 (0x60fc) [warn ] QObject::connect: No such slot DDuiBasePlotItem::mousePressEvent(QMouseEvent*) in ..\..\SerialPortDemo\cpp\common\qmlplot.cpp:30
15:13:10.035 (0x60fc) [warn ] Both point size and pixel size set. Using pixel size.
15:13:10.037 (0x60fc) [warn ] Both point size and pixel size set. Using pixel size.
15:13:10.037 (0x60fc) [warn ] Both point size and pixel size set. Using pixel size.
15:13:10.038 (0x60fc) [warn ] Both point size and pixel size set. Using pixel size.
15:13:10.414 (0x60fc) [warn ] qrc:/qml/BottomMain.qml:12:5: QML Rectangle: Detected anchors on an item that is managed by a layout. This is undefined behavior; use Layout.alignment instead.
15:13:10.526 (0x60fc) [warn ] file:///D:/Qt/Qt5.14.2/5.14.2/msvc2017_64/qml/QtQuick/Dialogs/DefaultFileDialog.qml:102:33: QML Settings: Failed to initialize QSettings instance. Status code is: 1
15:13:10.527 (0x60fc) [warn ] file:///D:/Qt/Qt5.14.2/5.14.2/msvc2017_64/qml/QtQuick/Dialogs/DefaultFileDialog.qml:102:33: QML Settings: The following application identifiers have not been set: QVector("organizationName", "organizationDomain")
15:13:10.729 (0x60fc) [debug] Name :  "COM5"
15:13:10.729 (0x60fc) [debug] Name :  "COM4"
15:13:10.730 (0x60fc) [debug] Name :  "COM1"
15:13:10.730 (0x60fc) [debug] Name :  "COM2"
15:13:10.731 (0x60fc) [debug] Name :  "COM3"
15:13:10.731 (0x60fc) [debug] Name :  "COM6"
15:13:10.732 (0x60fc) [debug] class QCPGraph *__cdecl QCustomPlot::graph(int) const index out of bounds: 1
15:14:11.775 (0x1c40) [info ]
15:14:11.776 (0x1c40) [info ] ----- App init ------
15:14:11.776 (0x1c40) [info ] SerialPortDemo V1.0.0.0, compiled at Wed Apr 12 09:22:44 2023
15:14:11.777 (0x1c40) [info ] Exe file: E:/BaiduSyncdisk/code/QT/QMLdemo/SerialPortWave/SerialPortWave-Debug/SerialPortDemo/debug/SerialPortDemo.exe
15:14:11.777 (0x1c40) [info ] App path: E:/BaiduSyncdisk/code/QT/QMLdemo/SerialPortWave/SerialPortWave-Debug/SerialPortDemo
15:14:11.777 (0x1c40) [info ] Check chinese support: 012汉字abc
15:14:11.777 (0x1c40) [info ] ----- msAppInit: 21918645.182800, 00:36:31.19727645
15:14:11.778 (0x1c40) [info ] [trace] --- FuncEntry
15:14:11.778 (0x1c40) [info ] [trace]012汉字abc 
15:14:11.778 (0x1c40) [info ] qInfo
15:14:11.779 (0x1c40) [info ] qDebug
15:14:11.779 (0x1c40) [info ] qWanging
15:14:11.779 (0x1c40) [info ] QCritical
15:14:11.780 (0x1c40) [info ] call getMs() 1000 times, 0.032900 ms
15:14:11.785 (0x1c40) [info ] 1-1
15:14:11.785 (0x1c40) [info ] 1-2
15:14:11.785 (0x1c40) [info ] 2-1,汉字
15:14:11.785 (0x1c40) [info ] 2-2,汉字
15:14:11.786 (0x1c40) [info ] 1
15:14:11.786 (0x1c40) [info ] 12345678901234
15:14:11.786 (0x1c40) [info ] 12345679020032.0000000000000000
15:14:11.787 (0x1c40) [info ] 12345678901234567168.00000000000000000000000000000000
15:14:11.791 (0x1c40) [debug] SlBase::add( 3 + 4 ) = 7
15:14:11.791 (0x1c40) [debug] SlBase::getTime() = 2023-04-21 15:14:11.791
15:14:11.791 (0x1c40) [info ] [trace] --- FuncExit, 13.3076 ms
15:14:13.459 (0x1c40) [warn ] Both point size and pixel size set. Using pixel size.
15:14:13.460 (0x1c40) [warn ] Both point size and pixel size set. Using pixel size.
15:14:13.461 (0x1c40) [warn ] Both point size and pixel size set. Using pixel size.
15:14:13.461 (0x1c40) [warn ] Both point size and pixel size set. Using pixel size.
15:14:13.833 (0x1c40) [warn ] qrc:/qml/BottomMain.qml:12:5: QML Rectangle: Detected anchors on an item that is managed by a layout. This is undefined behavior; use Layout.alignment instead.
15:14:13.961 (0x1c40) [warn ] file:///D:/Qt/Qt5.14.2/5.14.2/msvc2017_64/qml/QtQuick/Dialogs/DefaultFileDialog.qml:102:33: QML Settings: Failed to initialize QSettings instance. Status code is: 1
15:14:13.962 (0x1c40) [warn ] file:///D:/Qt/Qt5.14.2/5.14.2/msvc2017_64/qml/QtQuick/Dialogs/DefaultFileDialog.qml:102:33: QML Settings: The following application identifiers have not been set: QVector("organizationName", "organizationDomain")
15:14:14.142 (0x1c40) [debug] Name :  "COM5"
15:14:14.143 (0x1c40) [debug] Name :  "COM4"
15:14:14.144 (0x1c40) [debug] Name :  "COM1"
15:14:14.144 (0x1c40) [debug] Name :  "COM2"
15:14:14.145 (0x1c40) [debug] Name :  "COM3"
15:14:14.145 (0x1c40) [debug] Name :  "COM6"
15:14:14.146 (0x1c40) [debug] class QCPGraph *__cdecl QCustomPlot::graph(int) const index out of bounds: 1
15:17:23.269 (0x6ae8) [info ]
15:17:23.270 (0x6ae8) [info ] ----- App init ------
15:17:23.271 (0x6ae8) [info ] SerialPortDemo V1.0.0.0, compiled at Wed Apr 12 09:22:44 2023
15:17:23.271 (0x6ae8) [info ] Exe file: E:/BaiduSyncdisk/code/QT/QMLdemo/SerialPortWave/SerialPortWave-Debug/SerialPortDemo/debug/SerialPortDemo.exe
15:17:23.271 (0x6ae8) [info ] App path: E:/BaiduSyncdisk/code/QT/QMLdemo/SerialPortWave/SerialPortWave-Debug/SerialPortDemo
15:17:23.272 (0x6ae8) [info ] Check chinese support: 012汉字abc
15:17:23.272 (0x6ae8) [info ] ----- msAppInit: 22110140.175400, 00:36:50.19900140
15:17:23.272 (0x6ae8) [info ] [trace] --- FuncEntry
15:17:23.273 (0x6ae8) [info ] [trace]012汉字abc 
15:17:23.273 (0x6ae8) [info ] qInfo
15:17:23.273 (0x6ae8) [info ] qDebug
15:17:23.273 (0x6ae8) [info ] qWanging
15:17:23.274 (0x6ae8) [info ] QCritical
15:17:23.274 (0x6ae8) [info ] call getMs() 1000 times, 0.032000 ms
15:17:23.278 (0x6ae8) [info ] 1-1
15:17:23.278 (0x6ae8) [info ] 1-2
15:17:23.279 (0x6ae8) [info ] 2-1,汉字
15:17:23.279 (0x6ae8) [info ] 2-2,汉字
15:17:23.279 (0x6ae8) [info ] 1
15:17:23.280 (0x6ae8) [info ] 12345678901234
15:17:23.280 (0x6ae8) [info ] 12345679020032.0000000000000000
15:17:23.280 (0x6ae8) [info ] 12345678901234567168.00000000000000000000000000000000
15:17:23.284 (0x6ae8) [debug] SlBase::add( 3 + 4 ) = 7
15:17:23.284 (0x6ae8) [debug] SlBase::getTime() = 2023-04-21 15:17:23.284
15:17:23.284 (0x6ae8) [info ] [trace] --- FuncExit, 11.9619 ms
15:17:24.064 (0x6ae8) [warn ] QObject::connect: No such slot DDuiBasePlotItem::mousePressEvent(QMouseEvent*) in ..\..\SerialPortDemo\cpp\common\qmlplot.cpp:30
15:17:24.066 (0x6ae8) [warn ] Both point size and pixel size set. Using pixel size.
15:17:24.067 (0x6ae8) [warn ] Both point size and pixel size set. Using pixel size.
15:17:24.068 (0x6ae8) [warn ] Both point size and pixel size set. Using pixel size.
15:17:24.069 (0x6ae8) [warn ] Both point size and pixel size set. Using pixel size.
15:17:24.428 (0x6ae8) [warn ] qrc:/qml/BottomMain.qml:12:5: QML Rectangle: Detected anchors on an item that is managed by a layout. This is undefined behavior; use Layout.alignment instead.
15:17:24.536 (0x6ae8) [warn ] file:///D:/Qt/Qt5.14.2/5.14.2/msvc2017_64/qml/QtQuick/Dialogs/DefaultFileDialog.qml:102:33: QML Settings: Failed to initialize QSettings instance. Status code is: 1
15:17:24.536 (0x6ae8) [warn ] file:///D:/Qt/Qt5.14.2/5.14.2/msvc2017_64/qml/QtQuick/Dialogs/DefaultFileDialog.qml:102:33: QML Settings: The following application identifiers have not been set: QVector("organizationName", "organizationDomain")
15:17:24.705 (0x6ae8) [debug] Name :  "COM5"
15:17:24.705 (0x6ae8) [debug] Name :  "COM4"
15:17:24.706 (0x6ae8) [debug] Name :  "COM1"
15:17:24.706 (0x6ae8) [debug] Name :  "COM2"
15:17:24.707 (0x6ae8) [debug] Name :  "COM3"
15:17:24.707 (0x6ae8) [debug] Name :  "COM6"
15:17:24.708 (0x6ae8) [debug] class QCPGraph *__cdecl QCustomPlot::graph(int) const index out of bounds: 1
15:20:30.446 (0x37d8) [info ]
15:20:30.447 (0x37d8) [info ] ----- App init ------
15:20:30.448 (0x37d8) [info ] SerialPortDemo V1.0.0.0, compiled at Wed Apr 12 09:22:44 2023
15:20:30.448 (0x37d8) [info ] Exe file: E:/BaiduSyncdisk/code/QT/QMLdemo/SerialPortWave/SerialPortWave-Debug/SerialPortDemo/debug/SerialPortDemo.exe
15:20:30.448 (0x37d8) [info ] App path: E:/BaiduSyncdisk/code/QT/QMLdemo/SerialPortWave/SerialPortWave-Debug/SerialPortDemo
15:20:30.449 (0x37d8) [info ] Check chinese support: 012汉字abc
15:20:30.449 (0x37d8) [info ] ----- msAppInit: 22297316.441100, 00:37:09.20068316
15:20:30.449 (0x37d8) [info ] [trace] --- FuncEntry
15:20:30.450 (0x37d8) [info ] [trace]012汉字abc 
15:20:30.450 (0x37d8) [info ] qInfo
15:20:30.450 (0x37d8) [info ] qDebug
15:20:30.450 (0x37d8) [info ] qWanging
15:20:30.451 (0x37d8) [info ] QCritical
15:20:30.451 (0x37d8) [info ] call getMs() 1000 times, 0.032500 ms
15:20:30.461 (0x37d8) [info ] 1-1
15:20:30.461 (0x37d8) [info ] 1-2
15:20:30.461 (0x37d8) [info ] 2-1,汉字
15:20:30.462 (0x37d8) [info ] 2-2,汉字
15:20:30.462 (0x37d8) [info ] 1
15:20:30.462 (0x37d8) [info ] 12345678901234
15:20:30.462 (0x37d8) [info ] 12345679020032.0000000000000000
15:20:30.463 (0x37d8) [info ] 12345678901234567168.00000000000000000000000000000000
15:20:30.467 (0x37d8) [debug] SlBase::add( 3 + 4 ) = 7
15:20:30.467 (0x37d8) [debug] SlBase::getTime() = 2023-04-21 15:20:30.467
15:20:30.467 (0x37d8) [info ] [trace] --- FuncExit, 17.8579 ms
15:20:31.272 (0x37d8) [warn ] QObject::connect: No such slot DDuiBasePlotItem::mousePressEvent(QMouseEvent*) in ..\..\SerialPortDemo\cpp\common\qmlplot.cpp:30
15:20:31.274 (0x37d8) [warn ] Both point size and pixel size set. Using pixel size.
15:20:31.275 (0x37d8) [warn ] Both point size and pixel size set. Using pixel size.
15:20:31.275 (0x37d8) [warn ] Both point size and pixel size set. Using pixel size.
15:20:31.276 (0x37d8) [warn ] Both point size and pixel size set. Using pixel size.
15:20:31.657 (0x37d8) [warn ] qrc:/qml/BottomMain.qml:12:5: QML Rectangle: Detected anchors on an item that is managed by a layout. This is undefined behavior; use Layout.alignment instead.
15:20:31.764 (0x37d8) [warn ] file:///D:/Qt/Qt5.14.2/5.14.2/msvc2017_64/qml/QtQuick/Dialogs/DefaultFileDialog.qml:102:33: QML Settings: Failed to initialize QSettings instance. Status code is: 1
15:20:31.765 (0x37d8) [warn ] file:///D:/Qt/Qt5.14.2/5.14.2/msvc2017_64/qml/QtQuick/Dialogs/DefaultFileDialog.qml:102:33: QML Settings: The following application identifiers have not been set: QVector("organizationName", "organizationDomain")
15:20:31.940 (0x37d8) [debug] Name :  "COM5"
15:20:31.941 (0x37d8) [debug] Name :  "COM4"
15:20:31.941 (0x37d8) [debug] Name :  "COM1"
15:20:31.941 (0x37d8) [debug] Name :  "COM2"
15:20:31.942 (0x37d8) [debug] Name :  "COM3"
15:20:31.942 (0x37d8) [debug] Name :  "COM6"
15:20:31.943 (0x37d8) [debug] class QCPGraph *__cdecl QCustomPlot::graph(int) const index out of bounds: 1
